<?xml version="1.0" encoding="UTF-8"?>
<testsuite xmlns:xsi="http://www.w3.org/2001/XMLSchema-instance" xsi:noNamespaceSchemaLocation="https://maven.apache.org/surefire/maven-surefire-plugin/xsd/surefire-test-report-3.0.xsd" version="3.0" name="com.collaborative.dashboard.controller.TaskControllerTest" time="0.75" tests="2" errors="0" skipped="0" failures="0">
  <properties>
[...]
</properties>
  <testcase name="returnsTasksForBoard" classname="com.collaborative.dashboard.controller.TaskControllerTest" time="0.089">
    <system-out><![CDATA[2026-08-16T15:12:48.553-07:00  INFO 6668 --- [collaborative-dashboard-java] [           main] t.c.s.AnnotationConfigContextLoaderUtils : Could not detect default configuration classes for test class [com.collaborative.dashboard.controller.TaskControllerTest]: TaskControllerTest does not declare any static, non-private, non-final, nested classes annotated with @Configuration.
2026-08-16T15:12:48.603-07:00  INFO 6668 --- [collaborative-dashboard-java] [           main] .b.t.c.SpringBootTestContextBootstrapper : Found @SpringBootConfiguration com.collaborative.dashboard.CollaborativeDashboardApplication for test class com.collaborative.dashboard.controller.TaskControllerTest

  .   ____          _            __ _ _
 /\\ / ___'_ __ _ _(_)_ __  __ _ \ \ \ \
( ( )\___ | '_ | '_| | '_ \/ _` | \ \ \ \
 \\/  ___)| |_)| | | | | || (_| |  ) ) ) )
  '  |____| .__|_| |_|_| |_\__, | / / / /
 =========|_|==============|___/=/_/_/_/

 :: Spring Boot ::                (v3.3.5)

2026-08-16T15:12:48.670-07:00  INFO 6668 --- [collaborative-dashboard-java] [           main] c.c.d.controller.TaskControllerTest      : Starting TaskControllerTest using Java 17.0.20 with PID 6668 (started by DonFlannagan in C:\development\nodejs-projects\collaborative-dashboard\backend-java)
2026-08-16T15:12:48.685-07:00  INFO 6668 --- [collaborative-dashboard-java] [           main] c.c.d.controller.TaskControllerTest      : No active profile set, falling back to 1 default profile: "default"
2026-08-16T15:12:49.108-07:00  INFO 6668 --- [collaborative-dashboard-java] [           main] o.s.b.t.m.w.SpringBootMockServletContext : Initializing Spring TestDispatcherServlet ''
2026-08-16T15:12:49.108-07:00  INFO 6668 --- [collaborative-dashboard-java] [           main] o.s.t.web.servlet.TestDispatcherServlet  : Initializing Servlet ''
2026-08-16T15:12:49.108-07:00  INFO 6668 --- [collaborative-dashboard-java] [           main] o.s.t.web.servlet.TestDispatcherServlet  : Completed initialization in 0 ms
2026-08-16T15:12:49.121-07:00  INFO 6668 --- [collaborative-dashboard-java] [           main] c.c.d.controller.TaskControllerTest      : Started TaskControllerTest in 0.518 seconds (process running for 7.574)
]]></system-out>
  </testcase>
  <testcase name="returnsBadRequestForInvalidBoardId" classname="com.collaborative.dashboard.controller.TaskControllerTest" time="0.01"/>
</testsuite>